<?xml version="1.0" encoding="UTF-8"?>
<!-- Generated by org.testng.reporters.JUnitReportReporter -->
<testsuite hostname="Abdullah-Obaid" failures="0" tests="1" name="test.AddCustomerTest" time="8.480" errors="0" timestamp="2023-07-19T00:30:21 CDT" skipped="0">
  <testcase classname="test.AddCustomerTest" name="userShouldBeAbleToAddCustomer" time="8.480"/>
  <system-out/>
</testsuite> <!-- test.AddCustomerTest -->
