<?xml version="1.0" encoding="UTF-8"?>
<!-- Generated by org.testng.reporters.JUnitReportReporter -->
<testsuite hostname="Abdullah-Obaid" failures="0" tests="1" name="util.BrowserFactory" time="4.060" errors="0" timestamp="2023-07-12T20:19:13 CDT" skipped="0">
  <testcase classname="util.BrowserFactory" name="init" time="4.060"/>
  <system-out/>
</testsuite> <!-- util.BrowserFactory -->
