<?xml version="1.0" encoding="UTF-8"?>
<!-- Generated by org.testng.reporters.JUnitReportReporter -->
<testsuite hostname="Abdullah-Obaid" failures="0" tests="1" name="test.LoginTest" time="3.605" errors="0" timestamp="2023-07-13T00:08:01 CDT" skipped="0">
  <testcase classname="test.LoginTest" name="validUserShouldBeAbleToLogin" time="3.605"/>
  <system-out/>
</testsuite> <!-- test.LoginTest -->
